Initializing...
MapSMtoCores for SM 8.9 is undefined.  Default to use 128 Cores/SM
MapSMtoArchName for SM 8.9 is undefined.  Default to use Ampere
GPU Device 0: "Ampere" with compute capability 8.9

M: 4096 (16 x 256)
N: 4096 (16 x 256)
K: 4096 (16 x 256)
Preparing data for GPU...
Required shared memory size: 64 Kb
2025-11-20 17:59:50
Computing... using high performance kernel compute_gemm 
loop 0
loop 1000
loop 2000
loop 3000
loop 4000
loop 5000
loop 6000
loop 7000
loop 8000
loop 9000
loop 10000
loop 11000
loop 12000
loop 13000
loop 14000
loop 15000
loop 16000
loop 17000
loop 18000
loop 19000
loop 20000
loop 21000
loop 22000
loop 23000
loop 24000
loop 25000
loop 26000
loop 27000
loop 28000
loop 29000
loop 30000
loop 31000
loop 32000
loop 33000
loop 34000
loop 35000
loop 36000
loop 37000
loop 38000
loop 39000
loop 40000
loop 41000
loop 42000
loop 43000
loop 44000
loop 45000
loop 46000
loop 47000
loop 48000
loop 49000
2025-11-20 18:3:54
Time: 244112.718750 ms
TFLOPS: 28.15
cudaTensorCoreGemm test end.
=====================================
Iteration 0:
Application name: fastWalshTransform
./fastWalshTransform Starting...

MapSMtoCores for SM 8.9 is undefined.  Default to use 128 Cores/SM
MapSMtoArchName for SM 8.9 is undefined.  Default to use Ampere
GPU Device 0: "Ampere" with compute capability 8.9

Initializing data...
...allocating CPU memory
...allocating GPU memory
...generating data
Data length: 8388608; kernel length: 128
Running GPU dyadic convolution using Fast Walsh Transform...
2025-11-20 18:4:15
2025-11-20 18:7:22
GPU time: 187442.609375 ms; GOP/s: 46.319294
Shutting down...
Application name: reductionMultiBlockCG
reductionMultiBlockCG Starting...

MapSMtoCores for SM 8.9 is undefined.  Default to use 128 Cores/SM
MapSMtoArchName for SM 8.9 is undefined.  Default to use Ampere
GPU Device 0: "Ampere" with compute capability 8.9

33554432 elements
numThreads: 1024
numBlocks: 36
2025-11-20 18:7:43

Launching SinglePass Multi Block Cooperative Groups kernel
2025-11-20 18:12:11
Average time: 0.566382 ms
Bandwidth:    236.973688 GB/s

GPU result = 1.992401361465
CPU result = 1.992401361465
Application name: transpose
Transpose Starting...

MapSMtoCores for SM 8.9 is undefined.  Default to use 128 Cores/SM
MapSMtoArchName for SM 8.9 is undefined.  Default to use Ampere
GPU Device 0: "Ampere" with compute capability 8.9

MapSMtoCores for SM 8.9 is undefined.  Default to use 128 Cores/SM
> Device 0: "NVIDIA GeForce RTX 4070 Laptop GPU"
> SM Capability 8.9 detected:
MapSMtoCores for SM 8.9 is undefined.  Default to use 128 Cores/SM
MapSMtoCores for SM 8.9 is undefined.  Default to use 128 Cores/SM
> [NVIDIA GeForce RTX 4070 Laptop GPU] has 36 MP(s) x 128 (Cores/MP) = 4608 (Cores)
> Compute performance scaling factor = 1.00

Matrix size: 1024x1024 (64x64 tiles), tile size: 16x16, block size: 16x16

2025-11-20 18:12:32
transpose optimized         , Throughput = 973.7545 GB/s, Time = 0.00802 ms, Size = 1048576 fp32 elements, NumDevsUsed = 1, Workgroup = 256
2025-11-20 18:13:38
Test passed
Application name: convolutionFFT2D
[./convolutionFFT2D] - Starting...
MapSMtoCores for SM 8.9 is undefined.  Default to use 128 Cores/SM
MapSMtoArchName for SM 8.9 is undefined.  Default to use Ampere
GPU Device 0: "Ampere" with compute capability 8.9

Testing updated custom R2C / C2R FFT-based convolution
...allocating memory
...generating random input data
...creating C2C FFT plan for 2048 x 1024
...uploading to GPU and padding convolution kernel and input data
...transforming convolution kernel
...running GPU FFT convolution: 
2025-11-20 18:13:58
2025-11-20 18:15:55
Result 13729.562420 MPix/s (116828.195312 ms)
...shutting down
Test Summary: 0 errors
Test passed
Application name: BlackScholes
[./BlackScholes] - Starting...
MapSMtoCores for SM 8.9 is undefined.  Default to use 128 Cores/SM
MapSMtoArchName for SM 8.9 is undefined.  Default to use Ampere
GPU Device 0: "Ampere" with compute capability 8.9

Initializing data...
...allocating CPU memory for options.
...allocating GPU memory for options.
...generating input data in CPU mem.
...copying input data to GPU mem.
Data init done.

2025-11-20 18:16:15
Executing Black-Scholes GPU kernel (1024000 iterations)...
2025-11-20 18:22:24
Options count             : 8000000     
BlackScholesGPU() time    : 0.359781 msec
Effective memory bandwidth: 222.357749 GB/s
Gigaoptions per second    : 22.235775     

BlackScholes, Throughput = 22.2358 GOptions/s, Time = 0.00036 s, Size = 8000000 options, NumDevsUsed = 1, Workgroup = 128

Reading back GPU results...
Checking the results...
...running CPU calculations.

Comparing the results...
L1 norm: 1.741792E-07
Max absolute error: 1.192093E-05

Shutting down...
...releasing GPU memory.
...releasing CPU memory.
Shutdown done.

[BlackScholes] - Test Summary

NOTE: The CUDA Samples are not meant for performance measurements. Results may vary when GPU Boost is enabled.

Test passed
Application name: cudaTensorCoreGemm
Initializing...
MapSMtoCores for SM 8.9 is undefined.  Default to use 128 Cores/SM
MapSMtoArchName for SM 8.9 is undefined.  Default to use Ampere
GPU Device 0: "Ampere" with compute capability 8.9

M: 4096 (16 x 256)
N: 4096 (16 x 256)
K: 4096 (16 x 256)
Preparing data for GPU...
Required shared memory size: 64 Kb
2025-11-20 18:22:45
Computing... using high performance kernel compute_gemm 
loop 0
loop 1000
loop 2000
loop 3000
loop 4000
loop 5000
loop 6000
loop 7000
loop 8000
loop 9000
loop 10000
loop 11000
loop 12000
loop 13000
loop 14000
loop 15000
loop 16000
loop 17000
loop 18000
loop 19000
loop 20000
loop 21000
loop 22000
loop 23000
loop 24000
loop 25000
loop 26000
loop 27000
loop 28000
loop 29000
loop 30000
loop 31000
loop 32000
loop 33000
loop 34000
loop 35000
loop 36000
loop 37000
loop 38000
loop 39000
loop 40000
loop 41000
loop 42000
loop 43000
loop 44000
loop 45000
loop 46000
loop 47000
loop 48000
loop 49000
2025-11-20 18:26:49
Time: 243571.937500 ms
TFLOPS: 28.21
cudaTensorCoreGemm test end.
Application name: bandwidthTest
[CUDA Bandwidth Test] - Starting...
Running on...

 Device 0: NVIDIA GeForce RTX 4070 Laptop GPU
 Quick Mode

2025-11-20 18:27:9
2025-11-20 18:33:19
 Device to Device Bandwidth, 1 Device(s)
 PINNED Memory Transfers
   Transfer Size (Bytes)	Bandwidth(GB/s)
   32000000			219.0

Result = PASS

NOTE: The CUDA Samples are not meant for performance measurements. Results may vary when GPU Boost is enabled.
Application name: sortingNetworks
./sortingNetworks Starting...

Starting up CUDA context...
MapSMtoCores for SM 8.9 is undefined.  Default to use 128 Cores/SM
MapSMtoArchName for SM 8.9 is undefined.  Default to use Ampere
GPU Device 0: "Ampere" with compute capability 8.9

Allocating and initializing host arrays...

Allocating and initializing CUDA arrays...

Running GPU bitonic sort (12400 identical iterations)...

2025-11-20 18:33:40
Testing array length 64 (16384 arrays per batch)...
Average time: 0.075958 ms

...inspecting keys array: OK
...inspecting keys and values array: OK
...stability property: NOT stable

Testing array length 128 (8192 arrays per batch)...
Average time: 0.095615 ms

...inspecting keys array: OK
...inspecting keys and values array: OK
...stability property: NOT stable

Testing array length 256 (4096 arrays per batch)...
Average time: 0.121150 ms

...inspecting keys array: OK
...inspecting keys and values array: OK
...stability property: NOT stable

Testing array length 512 (2048 arrays per batch)...
Average time: 0.149688 ms

...inspecting keys array: OK
...inspecting keys and values array: OK
...stability property: NOT stable

Testing array length 1024 (1024 arrays per batch)...
Average time: 0.180819 ms

...inspecting keys array: OK
...inspecting keys and values array: OK
...stability property: NOT stable

Testing array length 2048 (512 arrays per batch)...
Average time: 0.212242 ms

...inspecting keys array: OK
...inspecting keys and values array: OK
...stability property: NOT stable

Testing array length 4096 (256 arrays per batch)...
Average time: 0.271181 ms

...inspecting keys array: OK
...inspecting keys and values array: OK
...stability property: NOT stable

Testing array length 8192 (128 arrays per batch)...
Average time: 0.340880 ms

...inspecting keys array: OK
...inspecting keys and values array: OK
...stability property: NOT stable

Testing array length 16384 (64 arrays per batch)...
Average time: 0.421328 ms

...inspecting keys array: OK
...inspecting keys and values array: OK
...stability property: NOT stable

Testing array length 32768 (32 arrays per batch)...
Average time: 0.511910 ms

...inspecting keys array: OK
...inspecting keys and values array: OK
...stability property: NOT stable

Testing array length 65536 (16 arrays per batch)...
Average time: 0.613195 ms

...inspecting keys array: OK
...inspecting keys and values array: OK
...stability property: NOT stable

Testing array length 131072 (8 arrays per batch)...
Average time: 0.725244 ms

...inspecting keys array: OK
...inspecting keys and values array: OK
...stability property: NOT stable

Testing array length 262144 (4 arrays per batch)...
Average time: 0.847796 ms

...inspecting keys array: OK
...inspecting keys and values array: OK
...stability property: NOT stable

Testing array length 524288 (2 arrays per batch)...
Average time: 0.980689 ms

...inspecting keys array: OK
...inspecting keys and values array: OK
...stability property: NOT stable

Testing array length 1048576 (1 arrays per batch)...
Average time: 1.124652 ms

sortingNetworks-bitonic, Throughput = 932.3562 MElements/s, Time = 0.00112 s, Size = 1048576 elements, NumDevsUsed = 1, Workgroup = 512
...inspecting keys array: OK
...inspecting keys and values array: OK
...stability property: NOT stable

2025-11-20 18:35:4
Shutting down...
=====================================
Iteration 1:
Application name: sortingNetworks
./sortingNetworks Starting...

Starting up CUDA context...
MapSMtoCores for SM 8.9 is undefined.  Default to use 128 Cores/SM
MapSMtoArchName for SM 8.9 is undefined.  Default to use Ampere
GPU Device 0: "Ampere" with compute capability 8.9

Allocating and initializing host arrays...

Allocating and initializing CUDA arrays...

Running GPU bitonic sort (12400 identical iterations)...

2025-11-20 18:35:25
Testing array length 64 (16384 arrays per batch)...
Average time: 0.075285 ms

...inspecting keys array: OK
...inspecting keys and values array: OK
...stability property: NOT stable

Testing array length 128 (8192 arrays per batch)...
Average time: 0.095655 ms

...inspecting keys array: OK
...inspecting keys and values array: OK
...stability property: NOT stable

Testing array length 256 (4096 arrays per batch)...
Average time: 0.121185 ms

...inspecting keys array: OK
...inspecting keys and values array: OK
...stability property: NOT stable

Testing array length 512 (2048 arrays per batch)...
Average time: 0.149691 ms

...inspecting keys array: OK
...inspecting keys and values array: OK
...stability property: NOT stable

Testing array length 1024 (1024 arrays per batch)...
Average time: 0.180785 ms

...inspecting keys array: OK
...inspecting keys and values array: OK
...stability property: NOT stable

Testing array length 2048 (512 arrays per batch)...
Average time: 0.212255 ms

...inspecting keys array: OK
...inspecting keys and values array: OK
...stability property: NOT stable

Testing array length 4096 (256 arrays per batch)...
Average time: 0.271177 ms

...inspecting keys array: OK
...inspecting keys and values array: OK
...stability property: NOT stable

Testing array length 8192 (128 arrays per batch)...
Average time: 0.340770 ms

...inspecting keys array: OK
...inspecting keys and values array: OK
...stability property: NOT stable

Testing array length 16384 (64 arrays per batch)...
Average time: 0.420917 ms

...inspecting keys array: OK
...inspecting keys and values array: OK
...stability property: NOT stable

Testing array length 32768 (32 arrays per batch)...
Average time: 0.511460 ms

...inspecting keys array: OK
...inspecting keys and values array: OK
...stability property: NOT stable

Testing array length 65536 (16 arrays per batch)...
Average time: 0.613502 ms

...inspecting keys array: OK
...inspecting keys and values array: OK
...stability property: NOT stable

Testing array length 131072 (8 arrays per batch)...
Average time: 0.725319 ms

...inspecting keys array: OK
...inspecting keys and values array: OK
...stability property: NOT stable

Testing array length 262144 (4 arrays per batch)...
Average time: 0.848009 ms

...inspecting keys array: OK
...inspecting keys and values array: OK
...stability property: NOT stable

Testing array length 524288 (2 arrays per batch)...
Average time: 0.981136 ms

...inspecting keys array: OK
...inspecting keys and values array: OK
...stability property: NOT stable

Testing array length 1048576 (1 arrays per batch)...
Average time: 1.124792 ms

sortingNetworks-bitonic, Throughput = 932.2400 MElements/s, Time = 0.00112 s, Size = 1048576 elements, NumDevsUsed = 1, Workgroup = 512
...inspecting keys array: OK
...inspecting keys and values array: OK
...stability property: NOT stable

2025-11-20 18:36:49
Shutting down...
Application name: BlackScholes
[./BlackScholes] - Starting...
MapSMtoCores for SM 8.9 is undefined.  Default to use 128 Cores/SM
MapSMtoArchName for SM 8.9 is undefined.  Default to use Ampere
GPU Device 0: "Ampere" with compute capability 8.9

Initializing data...
...allocating CPU memory for options.
...allocating GPU memory for options.
...generating input data in CPU mem.
...copying input data to GPU mem.
Data init done.

2025-11-20 18:37:10
Executing Black-Scholes GPU kernel (1024000 iterations)...
2025-11-20 18:43:18
Options count             : 8000000     
BlackScholesGPU() time    : 0.360059 msec
Effective memory bandwidth: 222.185997 GB/s
Gigaoptions per second    : 22.218600     

BlackScholes, Throughput = 22.2186 GOptions/s, Time = 0.00036 s, Size = 8000000 options, NumDevsUsed = 1, Workgroup = 128

Reading back GPU results...
Checking the results...
...running CPU calculations.

Comparing the results...
L1 norm: 1.741792E-07
Max absolute error: 1.192093E-05

Shutting down...
...releasing GPU memory.
...releasing CPU memory.
Shutdown done.

[BlackScholes] - Test Summary

NOTE: The CUDA Samples are not meant for performance measurements. Results may vary when GPU Boost is enabled.

Test passed
Application name: reductionMultiBlockCG
reductionMultiBlockCG Starting...

MapSMtoCores for SM 8.9 is undefined.  Default to use 128 Cores/SM
MapSMtoArchName for SM 8.9 is undefined.  Default to use Ampere
GPU Device 0: "Ampere" with compute capability 8.9

33554432 elements
numThreads: 1024
numBlocks: 36
2025-11-20 18:43:39

Launching SinglePass Multi Block Cooperative Groups kernel
2025-11-20 18:48:7
Average time: 0.565289 ms
Bandwidth:    237.431995 GB/s

GPU result = 1.992401361465
CPU result = 1.992401361465
Application name: bandwidthTest
[CUDA Bandwidth Test] - Starting...
Running on...

 Device 0: NVIDIA GeForce RTX 4070 Laptop GPU
 Quick Mode

2025-11-20 18:48:27
2025-11-20 18:54:37
 Device to Device Bandwidth, 1 Device(s)
 PINNED Memory Transfers
   Transfer Size (Bytes)	Bandwidth(GB/s)
   32000000			218.9

Result = PASS

NOTE: The CUDA Samples are not meant for performance measurements. Results may vary when GPU Boost is enabled.
Application name: convolutionFFT2D
[./convolutionFFT2D] - Starting...
MapSMtoCores for SM 8.9 is undefined.  Default to use 128 Cores/SM
MapSMtoArchName for SM 8.9 is undefined.  Default to use Ampere
GPU Device 0: "Ampere" with compute capability 8.9

Testing updated custom R2C / C2R FFT-based convolution
...allocating memory
...generating random input data
...creating C2C FFT plan for 2048 x 1024
...uploading to GPU and padding convolution kernel and input data
...transforming convolution kernel
...running GPU FFT convolution: 
2025-11-20 18:54:58
2025-11-20 18:56:54
Result 13759.532678 MPix/s (116573.726562 ms)
...shutting down
Test Summary: 0 errors
Test passed
Application name: fastWalshTransform
./fastWalshTransform Starting...

MapSMtoCores for SM 8.9 is undefined.  Default to use 128 Cores/SM
MapSMtoArchName for SM 8.9 is undefined.  Default to use Ampere
GPU Device 0: "Ampere" with compute capability 8.9

Initializing data...
...allocating CPU memory
...allocating GPU memory
...generating data
Data length: 8388608; kernel length: 128
Running GPU dyadic convolution using Fast Walsh Transform...
2025-11-20 18:57:15
2025-11-20 19:0:23
GPU time: 187938.109375 ms; GOP/s: 46.197173
Shutting down...
Application name: transpose
Transpose Starting...

MapSMtoCores for SM 8.9 is undefined.  Default to use 128 Cores/SM
MapSMtoArchName for SM 8.9 is undefined.  Default to use Ampere
GPU Device 0: "Ampere" with compute capability 8.9

MapSMtoCores for SM 8.9 is undefined.  Default to use 128 Cores/SM
> Device 0: "NVIDIA GeForce RTX 4070 Laptop GPU"
> SM Capability 8.9 detected:
MapSMtoCores for SM 8.9 is undefined.  Default to use 128 Cores/SM
MapSMtoCores for SM 8.9 is undefined.  Default to use 128 Cores/SM
> [NVIDIA GeForce RTX 4070 Laptop GPU] has 36 MP(s) x 128 (Cores/MP) = 4608 (Cores)
> Compute performance scaling factor = 1.00

Matrix size: 1024x1024 (64x64 tiles), tile size: 16x16, block size: 16x16

2025-11-20 19:0:43
transpose optimized         , Throughput = 979.3824 GB/s, Time = 0.00798 ms, Size = 1048576 fp32 elements, NumDevsUsed = 1, Workgroup = 256
2025-11-20 19:1:49
Test passed
Application name: cudaTensorCoreGemm
Initializing...
MapSMtoCores for SM 8.9 is undefined.  Default to use 128 Cores/SM
MapSMtoArchName for SM 8.9 is undefined.  Default to use Ampere
GPU Device 0: "Ampere" with compute capability 8.9

M: 4096 (16 x 256)
N: 4096 (16 x 256)
K: 4096 (16 x 256)
Preparing data for GPU...
Required shared memory size: 64 Kb
2025-11-20 19:2:10
Computing... using high performance kernel compute_gemm 
loop 0
loop 1000
loop 2000
loop 3000
loop 4000
loop 5000
loop 6000
loop 7000
loop 8000
loop 9000
loop 10000
loop 11000
loop 12000
loop 13000
loop 14000
loop 15000
loop 16000
loop 17000
loop 18000
loop 19000
loop 20000
loop 21000
loop 22000
loop 23000
loop 24000
loop 25000
loop 26000
loop 27000
loop 28000
loop 29000
loop 30000
loop 31000
loop 32000
loop 33000
loop 34000
loop 35000
loop 36000
loop 37000
loop 38000
loop 39000
loop 40000
loop 41000
loop 42000
loop 43000
loop 44000
loop 45000
loop 46000
loop 47000
loop 48000
loop 49000
2025-11-20 19:6:13
Time: 243027.062500 ms
TFLOPS: 28.28
cudaTensorCoreGemm test end.
